  App.cpp
C:\Users\KX\source\repos\PushBox\src\Renderer.h(2,10): fatal error C1083: Cannot open include file: 'GL/glew.h': No such file or directory
  Game.cpp
C:\Users\KX\source\repos\PushBox\src\Renderer.h(2,10): fatal error C1083: Cannot open include file: 'GL/glew.h': No such file or directory
  GameBase.cpp
C:\Users\KX\source\repos\PushBox\src\GameBase.h(1,9): fatal error C1083: Cannot open include file: 'GLFW/glfw3.h': No such file or directory
  IndexBuffer.cpp
C:\Users\KX\source\repos\PushBox\src\Renderer.h(2,10): fatal error C1083: Cannot open include file: 'GL/glew.h': No such file or directory
  Map.cpp
  Renderer.cpp
C:\Users\KX\source\repos\PushBox\src\Renderer.h(2,10): fatal error C1083: Cannot open include file: 'GL/glew.h': No such file or directory
  Shader.cpp
C:\Users\KX\source\repos\PushBox\src\Renderer.h(2,10): fatal error C1083: Cannot open include file: 'GL/glew.h': No such file or directory
  Texture.cpp
C:\Users\KX\source\repos\PushBox\src\Renderer.h(2,10): fatal error C1083: Cannot open include file: 'GL/glew.h': No such file or directory
  glm.cpp
C:\Users\KX\source\repos\PushBox\src\vendor\glm\detail\glm.cpp(7,10): fatal error C1083: Cannot open include file: 'glm/gtx/dual_quaternion.hpp': No such file or directory
  stb_image.cpp
  VertexArray.cpp
C:\Users\KX\source\repos\PushBox\src\Renderer.h(2,10): fatal error C1083: Cannot open include file: 'GL/glew.h': No such file or directory
  VertexBuffer.cpp
C:\Users\KX\source\repos\PushBox\src\Renderer.h(2,10): fatal error C1083: Cannot open include file: 'GL/glew.h': No such file or directory
